>>>>>>>>>>>>>>>> [['void', 'ns3::empty', 'ns3::empty', 'ns3::empty', 'ns3::empty', 'ns3::empty', 'ns3::empty', 'ns3::empty', 'ns3::empty', 'ns3::empty'], ['void', 'ns3::Ipv4Address', 'unsigned char', 'unsigned char', 'unsigned char', 'unsigned int', 'ns3::empty', 'ns3::empty', 'ns3::empty', 'ns3::empty'], ['void', 'ns3::Ptr<ns3::Packet>', 'ns3::Ipv4Header', 'unsigned short', 'ns3::Ptr<ns3::Ipv4Interface>', 'ns3::empty', 'ns3::empty', 'ns3::empty', 'ns3::empty', 'ns3::empty'], ['void', 'ns3::Ptr<ns3::Socket>', 'ns3::empty', 'ns3::empty', 'ns3::empty', 'ns3::empty', 'ns3::empty', 'ns3::empty', 'ns3::empty', 'ns3::empty'], ['void', 'ns3::Ptr<ns3::Socket>', 'unsigned int', 'ns3::empty', 'ns3::empty', 'ns3::empty', 'ns3::empty', 'ns3::empty', 'ns3::empty', 'ns3::empty'], ['void', 'ns3::Ptr<ns3::Socket>', 'ns3::Address const&', 'ns3::empty', 'ns3::empty', 'ns3::empty', 'ns3::empty', 'ns3::empty', 'ns3::empty', 'ns3::empty'], ['bool', 'ns3::Ptr<ns3::Socket>', 'ns3::Address const&', 'ns3::empty', 'ns3::empty', 'ns3::empty', 'ns3::empty', 'ns3::empty', 'ns3::empty', 'ns3::empty'], ['void', 'ns3::Ptr<ns3::Packet>', 'ns3::Ipv4Address', 'ns3::Ipv4Address', 'unsigned char', 'ns3::Ptr<ns3::Ipv4Route>', 'ns3::empty', 'ns3::empty', 'ns3::empty', 'ns3::empty'], ['bool', 'ns3::Ptr<ns3::NetDevice>', 'ns3::Ptr<ns3::Packet const>', 'unsigned short', 'ns3::Address const&', 'ns3::Address const&', 'ns3::NetDevice::PacketType', 'ns3::empty', 'ns3::empty', 'ns3::empty'], ['bool', 'ns3::Ptr<ns3::NetDevice>', 'ns3::Ptr<ns3::Packet const>', 'unsigned short', 'ns3::Address const&', 'ns3::empty', 'ns3::empty', 'ns3::empty', 'ns3::empty', 'ns3::empty'], ['void', 'ns3::Ptr<ns3::NetDevice>', 'ns3::Ptr<ns3::Packet const>', 'unsigned short', 'ns3::Address const&', 'ns3::Address const&', 'ns3::NetDevice::PacketType', 'ns3::empty', 'ns3::empty', 'ns3::empty'], ['void', 'ns3::Ptr<ns3::ArpCache const>', 'ns3::Ipv4Address', 'ns3::empty', 'ns3::empty', 'ns3::empty', 'ns3::empty', 'ns3::empty', 'ns3::empty', 'ns3::empty']]
/home/abdo/ns-allinone-3.13/ns-3.13/bindings/python/ns3modulegen_core_customizations.py:69: DeprecationWarning: Typo: set_tranformation -> set_transformation
  handler.set_tranformation(self, orig_ctype)
***** registering callback handler: 'ns3::Callback< void, ns3::empty, ns3::empty, ns3::empty, ns3::empty, ns3::empty, ns3::empty, ns3::empty, ns3::empty, ns3::empty >'
***** registering callback handler: 'ns3::Callback< void, ns3::Ipv4Address, unsigned char, unsigned char, unsigned char, unsigned int, ns3::empty, ns3::empty, ns3::empty, ns3::empty >'
***** registering callback handler: 'ns3::Callback< void, ns3::Ptr< ns3::Packet >, ns3::Ipv4Header, unsigned short, ns3::Ptr< ns3::Ipv4Interface >, ns3::empty, ns3::empty, ns3::empty, ns3::empty, ns3::empty >'
***** registering callback handler: 'ns3::Callback< void, ns3::Ptr< ns3::Socket >, ns3::empty, ns3::empty, ns3::empty, ns3::empty, ns3::empty, ns3::empty, ns3::empty, ns3::empty >'
***** registering callback handler: 'ns3::Callback< void, ns3::Ptr< ns3::Socket >, unsigned int, ns3::empty, ns3::empty, ns3::empty, ns3::empty, ns3::empty, ns3::empty, ns3::empty >'
/home/abdo/ns-allinone-3.13/pybindgen-0.15.0.795/pybindgen/typehandlers/base.py:1058: DeprecationWarning: is_const is deprecated, put a 'const' in the C type instead.
  warnings.warn("is_const is deprecated, put a 'const' in the C type instead.", DeprecationWarning)
***** registering callback handler: 'ns3::Callback< void, ns3::Ptr< ns3::Socket >, ns3::Address const &, ns3::empty, ns3::empty, ns3::empty, ns3::empty, ns3::empty, ns3::empty, ns3::empty >'
***** registering callback handler: 'ns3::Callback< bool, ns3::Ptr< ns3::Socket >, ns3::Address const &, ns3::empty, ns3::empty, ns3::empty, ns3::empty, ns3::empty, ns3::empty, ns3::empty >'
***** registering callback handler: 'ns3::Callback< void, ns3::Ptr< ns3::Packet >, ns3::Ipv4Address, ns3::Ipv4Address, unsigned char, ns3::Ptr< ns3::Ipv4Route >, ns3::empty, ns3::empty, ns3::empty, ns3::empty >'
***** registering callback handler: 'ns3::Callback< bool, ns3::Ptr< ns3::NetDevice >, ns3::Ptr< ns3::Packet const >, unsigned short, ns3::Address const &, ns3::Address const &, ns3::NetDevice::PacketType, ns3::empty, ns3::empty, ns3::empty >'
***** registering callback handler: 'ns3::Callback< bool, ns3::Ptr< ns3::NetDevice >, ns3::Ptr< ns3::Packet const >, unsigned short, ns3::Address const &, ns3::empty, ns3::empty, ns3::empty, ns3::empty, ns3::empty >'
***** registering callback handler: 'ns3::Callback< void, ns3::Ptr< ns3::NetDevice >, ns3::Ptr< ns3::Packet const >, unsigned short, ns3::Address const &, ns3::Address const &, ns3::NetDevice::PacketType, ns3::empty, ns3::empty, ns3::empty >'
***** registering callback handler: 'ns3::Callback< void, ns3::Ptr< ns3::ArpCache const >, ns3::Ipv4Address, ns3::empty, ns3::empty, ns3::empty, ns3::empty, ns3::empty, ns3::empty, ns3::empty >'
/home/abdo/ns-allinone-3.13/ns-3.13/src/internet/bindings/modulegen__gcc_ILP32.py:9: UserWarning: exception TypeConfigurationError('direction not given',) in wrapper <pybindgen.cppmethod.CppConstructor object at 0x8f4508c>
  warnings.warn("exception %r in wrapper %s" % (exception, wrapper))
/home/abdo/ns-allinone-3.13/ns-3.13/src/internet/bindings/modulegen__gcc_ILP32.py:9: UserWarning: exception TypeConfigurationError('direction not given',) in wrapper public: retval? ???::CopyAllFrom (params?);
  warnings.warn("exception %r in wrapper %s" % (exception, wrapper))
/home/abdo/ns-allinone-3.13/ns-3.13/src/internet/bindings/modulegen__gcc_ILP32.py:9: UserWarning: exception TypeConfigurationError('direction not given',) in wrapper public: retval? ???::CopyAllTo (params?) const;
  warnings.warn("exception %r in wrapper %s" % (exception, wrapper))
/home/abdo/ns-allinone-3.13/ns-3.13/src/internet/bindings/modulegen__gcc_ILP32.py:9: UserWarning: exception TypeConfigurationError('direction not given',) in wrapper public: retval? ???::CopyFrom (params?);
  warnings.warn("exception %r in wrapper %s" % (exception, wrapper))
/home/abdo/ns-allinone-3.13/ns-3.13/src/internet/bindings/modulegen__gcc_ILP32.py:9: UserWarning: exception TypeConfigurationError('direction not given',) in wrapper public: retval? ???::CopyTo (params?) const;
  warnings.warn("exception %r in wrapper %s" % (exception, wrapper))
/home/abdo/ns-allinone-3.13/ns-3.13/src/internet/bindings/modulegen__gcc_ILP32.py:9: UserWarning: exception TypeLookupError(['std::_List_const_iterator< ns3::AttributeConstructionList::Item >'],) in wrapper public: retval? ???::Begin (params?) const;
  warnings.warn("exception %r in wrapper %s" % (exception, wrapper))
/home/abdo/ns-allinone-3.13/ns-3.13/src/internet/bindings/modulegen__gcc_ILP32.py:9: UserWarning: exception TypeLookupError(['std::_List_const_iterator< ns3::AttributeConstructionList::Item >'],) in wrapper public: retval? ???::End (params?) const;
  warnings.warn("exception %r in wrapper %s" % (exception, wrapper))
/home/abdo/ns-allinone-3.13/ns-3.13/src/internet/bindings/modulegen__gcc_ILP32.py:9: UserWarning: exception TypeLookupError(['std::ostream *'],) in wrapper public: retval? ???::CopyData (params?) const;
  warnings.warn("exception %r in wrapper %s" % (exception, wrapper))
/home/abdo/ns-allinone-3.13/ns-3.13/src/internet/bindings/modulegen__gcc_ILP32.py:9: UserWarning: exception TypeConfigurationError('direction not given',) in wrapper public: retval? ???::CopyData (params?) const;
  warnings.warn("exception %r in wrapper %s" % (exception, wrapper))
/home/abdo/ns-allinone-3.13/ns-3.13/src/internet/bindings/modulegen__gcc_ILP32.py:9: UserWarning: exception TypeConfigurationError('direction not given',) in wrapper public: retval? ???::Deserialize (params?);
  warnings.warn("exception %r in wrapper %s" % (exception, wrapper))
/home/abdo/ns-allinone-3.13/ns-3.13/src/internet/bindings/modulegen__gcc_ILP32.py:9: UserWarning: exception TypeLookupError(['uint8_t *'],) in wrapper public: retval? ???::PeekData (params?) const;
  warnings.warn("exception %r in wrapper %s" % (exception, wrapper))
/home/abdo/ns-allinone-3.13/ns-3.13/src/internet/bindings/modulegen__gcc_ILP32.py:9: UserWarning: exception TypeConfigurationError('direction not given',) in wrapper public: retval? ???::Serialize (params?) const;
  warnings.warn("exception %r in wrapper %s" % (exception, wrapper))
/home/abdo/ns-allinone-3.13/ns-3.13/src/internet/bindings/modulegen__gcc_ILP32.py:9: UserWarning: exception TypeConfigurationError('direction not given',) in wrapper public: retval? ???::Read (params?);
  warnings.warn("exception %r in wrapper %s" % (exception, wrapper))
/home/abdo/ns-allinone-3.13/ns-3.13/src/internet/bindings/modulegen__gcc_ILP32.py:9: UserWarning: exception TypeConfigurationError('direction not given',) in wrapper public: retval? ???::Write (params?);
  warnings.warn("exception %r in wrapper %s" % (exception, wrapper))
/home/abdo/ns-allinone-3.13/ns-3.13/src/internet/bindings/modulegen__gcc_ILP32.py:9: UserWarning: exception TypeConfigurationError('Either caller_owns_return or self.reference_existing_object must be given',) in wrapper public: retval? ???::Find (params?) const;
  warnings.warn("exception %r in wrapper %s" % (exception, wrapper))
/home/abdo/ns-allinone-3.13/ns-3.13/src/internet/bindings/modulegen__gcc_ILP32.py:9: UserWarning: exception TypeConfigurationError('Either caller_owns_return or self.reference_existing_object must be given',) in wrapper public: retval? ???::Pop (params?);
  warnings.warn("exception %r in wrapper %s" % (exception, wrapper))
/home/abdo/ns-allinone-3.13/ns-3.13/src/internet/bindings/modulegen__gcc_ILP32.py:9: UserWarning: exception TypeConfigurationError('Missing transfer_ownership option',) in wrapper public: retval? ???::Push (params?);
  warnings.warn("exception %r in wrapper %s" % (exception, wrapper))
/home/abdo/ns-allinone-3.13/ns-3.13/src/internet/bindings/modulegen__gcc_ILP32.py:9: UserWarning: exception TypeConfigurationError('Either caller_owns_return or self.reference_existing_object must be given',) in wrapper public: retval? ???::Top (params?) const;
  warnings.warn("exception %r in wrapper %s" % (exception, wrapper))
/home/abdo/ns-allinone-3.13/ns-3.13/src/internet/bindings/modulegen__gcc_ILP32.py:9: UserWarning: exception TypeLookupError(['ns3::Ptr< ns3::EventImpl > &'],) in wrapper <pybindgen.cppmethod.CppConstructor object at 0x913676c>
  warnings.warn("exception %r in wrapper %s" % (exception, wrapper))
/home/abdo/ns-allinone-3.13/ns-3.13/src/internet/bindings/modulegen__gcc_ILP32.py:9: UserWarning: exception TypeConfigurationError('Either caller_owns_return or self.reference_existing_object must be given',) in wrapper public: retval? ???::PeekEventImpl (params?) const;
  warnings.warn("exception %r in wrapper %s" % (exception, wrapper))
/home/abdo/ns-allinone-3.13/pybindgen-0.15.0.795/pybindgen/settings.py:85: DeprecationWarning: The option pybindgen.settings.deprecated_virtuals has not been set.  I am going to assume the value of True, to preserve backward compatibility, but the default value will change in the future, and the option will eventually disappear.
  DeprecationWarning)
/home/abdo/ns-allinone-3.13/ns-3.13/src/internet/bindings/modulegen__gcc_ILP32.py:9: UserWarning: exception TypeConfigurationError('Missing transfer_ownership option',) in wrapper public: retval? ???::DebugUseLsdb (params?);
  warnings.warn("exception %r in wrapper %s" % (exception, wrapper))
/home/abdo/ns-allinone-3.13/ns-3.13/src/internet/bindings/modulegen__gcc_ILP32.py:9: UserWarning: exception TypeConfigurationError('Missing transfer_ownership option',) in wrapper public: retval? ???::Insert (params?);
  warnings.warn("exception %r in wrapper %s" % (exception, wrapper))
/home/abdo/ns-allinone-3.13/ns-3.13/src/internet/bindings/modulegen__gcc_ILP32.py:9: UserWarning: exception TypeConfigurationError('Either caller_owns_return or self.reference_existing_object must be given',) in wrapper public: retval? ???::GetLSA (params?) const;
  warnings.warn("exception %r in wrapper %s" % (exception, wrapper))
/home/abdo/ns-allinone-3.13/ns-3.13/src/internet/bindings/modulegen__gcc_ILP32.py:9: UserWarning: exception TypeConfigurationError('Either caller_owns_return or self.reference_existing_object must be given',) in wrapper public: retval? ???::GetLSAByLinkData (params?) const;
  warnings.warn("exception %r in wrapper %s" % (exception, wrapper))
/home/abdo/ns-allinone-3.13/ns-3.13/src/internet/bindings/modulegen__gcc_ILP32.py:9: UserWarning: exception TypeConfigurationError('Either caller_owns_return or self.reference_existing_object must be given',) in wrapper public: retval? ???::GetExtLSA (params?) const;
  warnings.warn("exception %r in wrapper %s" % (exception, wrapper))
/home/abdo/ns-allinone-3.13/ns-3.13/src/internet/bindings/modulegen__gcc_ILP32.py:9: UserWarning: exception TypeConfigurationError('Missing transfer_ownership option',) in wrapper public: retval? ???::AddLinkRecord (params?);
  warnings.warn("exception %r in wrapper %s" % (exception, wrapper))
/home/abdo/ns-allinone-3.13/ns-3.13/src/internet/bindings/modulegen__gcc_ILP32.py:9: UserWarning: exception TypeConfigurationError('Either caller_owns_return or self.reference_existing_object must be given',) in wrapper public: retval? ???::GetLinkRecord (params?) const;
  warnings.warn("exception %r in wrapper %s" % (exception, wrapper))
/home/abdo/ns-allinone-3.13/ns-3.13/src/internet/bindings/modulegen__gcc_ILP32.py:9: UserWarning: exception TypeLookupError(['std::ostream &'],) in wrapper public: retval? ???::Print (params?) const;
  warnings.warn("exception %r in wrapper %s" % (exception, wrapper))
/home/abdo/ns-allinone-3.13/ns-3.13/src/internet/bindings/modulegen__gcc_ILP32.py:9: UserWarning: exception TypeLookupError(['std::pair< ns3::Ptr< ns3::Ipv4 >, unsigned int >'],) in wrapper public: retval? ???::Add (params?);
  warnings.warn("exception %r in wrapper %s" % (exception, wrapper))
/home/abdo/ns-allinone-3.13/ns-3.13/src/internet/bindings/modulegen__gcc_ILP32.py:9: UserWarning: exception TypeLookupError(['__gnu_cxx::__normal_iterator< std::pair< ns3::Ptr< ns3::Ipv4 >, unsigned int > const, std::vector< std::pair< ns3::Ptr< ns3::Ipv4 >, unsigned int > > >'],) in wrapper public: retval? ???::Begin (params?) const;
  warnings.warn("exception %r in wrapper %s" % (exception, wrapper))
/home/abdo/ns-allinone-3.13/ns-3.13/src/internet/bindings/modulegen__gcc_ILP32.py:9: UserWarning: exception TypeLookupError(['__gnu_cxx::__normal_iterator< std::pair< ns3::Ptr< ns3::Ipv4 >, unsigned int > const, std::vector< std::pair< ns3::Ptr< ns3::Ipv4 >, unsigned int > > >'],) in wrapper public: retval? ???::End (params?) const;
  warnings.warn("exception %r in wrapper %s" % (exception, wrapper))
/home/abdo/ns-allinone-3.13/ns-3.13/src/internet/bindings/modulegen__gcc_ILP32.py:9: UserWarning: exception TypeLookupError(['std::pair< ns3::Ptr< ns3::Ipv4 >, unsigned int >'],) in wrapper public: retval? ???::Get (params?) const;
  warnings.warn("exception %r in wrapper %s" % (exception, wrapper))
/home/abdo/ns-allinone-3.13/ns-3.13/src/internet/bindings/modulegen__gcc_ILP32.py:9: UserWarning: exception TypeConfigurationError('Either caller_owns_return or self.reference_existing_object must be given',) in wrapper public: virtual retval? ???::Copy (params?) const = 0;
  warnings.warn("exception %r in wrapper %s" % (exception, wrapper))
/home/abdo/ns-allinone-3.13/ns-3.13/src/internet/bindings/modulegen__gcc_ILP32.py:9: UserWarning: exception TypeConfigurationError('Either caller_owns_return or self.reference_existing_object must be given',) in wrapper public: virtual retval? ???::Copy (params?) const;
  warnings.warn("exception %r in wrapper %s" % (exception, wrapper))
/home/abdo/ns-allinone-3.13/ns-3.13/src/internet/bindings/modulegen__gcc_ILP32.py:9: UserWarning: exception TypeConfigurationError('direction not given',) in wrapper <pybindgen.cppmethod.CppConstructor object at 0x9310b8c>
  warnings.warn("exception %r in wrapper %s" % (exception, wrapper))
/home/abdo/ns-allinone-3.13/ns-3.13/src/internet/bindings/modulegen__gcc_ILP32.py:9: UserWarning: exception TypeConfigurationError('direction not given',) in wrapper public: retval? ???::GetBytes (params?) const;
  warnings.warn("exception %r in wrapper %s" % (exception, wrapper))
/home/abdo/ns-allinone-3.13/ns-3.13/src/internet/bindings/modulegen__gcc_ILP32.py:9: UserWarning: exception TypeConfigurationError('direction not given',) in wrapper public: retval? ???::Set (params?);
  warnings.warn("exception %r in wrapper %s" % (exception, wrapper))
/home/abdo/ns-allinone-3.13/ns-3.13/src/internet/bindings/modulegen__gcc_ILP32.py:9: UserWarning: exception TypeLookupError(['__gnu_cxx::__normal_iterator< std::pair< ns3::Ptr< ns3::Ipv6 >, unsigned int > const, std::vector< std::pair< ns3::Ptr< ns3::Ipv6 >, unsigned int > > >'],) in wrapper public: retval? ???::Begin (params?) const;
  warnings.warn("exception %r in wrapper %s" % (exception, wrapper))
/home/abdo/ns-allinone-3.13/ns-3.13/src/internet/bindings/modulegen__gcc_ILP32.py:9: UserWarning: exception TypeLookupError(['__gnu_cxx::__normal_iterator< std::pair< ns3::Ptr< ns3::Ipv6 >, unsigned int > const, std::vector< std::pair< ns3::Ptr< ns3::Ipv6 >, unsigned int > > >'],) in wrapper public: retval? ???::End (params?) const;
  warnings.warn("exception %r in wrapper %s" % (exception, wrapper))
/home/abdo/ns-allinone-3.13/ns-3.13/src/internet/bindings/modulegen__gcc_ILP32.py:9: UserWarning: exception TypeConfigurationError('direction not given',) in wrapper <pybindgen.cppmethod.CppConstructor object at 0x93e130c>
  warnings.warn("exception %r in wrapper %s" % (exception, wrapper))
/home/abdo/ns-allinone-3.13/ns-3.13/src/internet/bindings/modulegen__gcc_ILP32.py:9: UserWarning: exception TypeLookupError(['__gnu_cxx::__normal_iterator< ns3::Ptr< ns3::NetDevice > const, std::vector< ns3::Ptr< ns3::NetDevice > > >'],) in wrapper public: retval? ???::Begin (params?) const;
  warnings.warn("exception %r in wrapper %s" % (exception, wrapper))
/home/abdo/ns-allinone-3.13/ns-3.13/src/internet/bindings/modulegen__gcc_ILP32.py:9: UserWarning: exception TypeLookupError(['__gnu_cxx::__normal_iterator< ns3::Ptr< ns3::NetDevice > const, std::vector< ns3::Ptr< ns3::NetDevice > > >'],) in wrapper public: retval? ???::End (params?) const;
  warnings.warn("exception %r in wrapper %s" % (exception, wrapper))
/home/abdo/ns-allinone-3.13/ns-3.13/src/internet/bindings/modulegen__gcc_ILP32.py:9: UserWarning: exception TypeLookupError(['__gnu_cxx::__normal_iterator< ns3::Ptr< ns3::Node > const, std::vector< ns3::Ptr< ns3::Node > > >'],) in wrapper public: retval? ???::Begin (params?) const;
  warnings.warn("exception %r in wrapper %s" % (exception, wrapper))
/home/abdo/ns-allinone-3.13/ns-3.13/src/internet/bindings/modulegen__gcc_ILP32.py:9: UserWarning: exception TypeLookupError(['__gnu_cxx::__normal_iterator< ns3::Ptr< ns3::Node > const, std::vector< ns3::Ptr< ns3::Node > > >'],) in wrapper public: retval? ???::End (params?) const;
  warnings.warn("exception %r in wrapper %s" % (exception, wrapper))
/home/abdo/ns-allinone-3.13/ns-3.13/src/internet/bindings/modulegen__gcc_ILP32.py:9: UserWarning: exception TypeConfigurationError('Missing transfer_ownership option',) in wrapper public: retval? ???::Delete (params?);
  warnings.warn("exception %r in wrapper %s" % (exception, wrapper))
/home/abdo/ns-allinone-3.13/ns-3.13/src/internet/bindings/modulegen__gcc_ILP32.py:9: UserWarning: exception TypeLookupError(['uint8_t [ 20 ]'],) in wrapper None
  warnings.warn("exception %r in wrapper %s" % (exception, wrapper))
/home/abdo/ns-allinone-3.13/ns-3.13/src/internet/bindings/modulegen__gcc_ILP32.py:9: UserWarning: exception TypeConfigurationError('Either caller_owns_return or self.reference_existing_object must be given',) in wrapper None
  warnings.warn("exception %r in wrapper %s" % (exception, wrapper))
/home/abdo/ns-allinone-3.13/ns-3.13/src/internet/bindings/modulegen__gcc_ILP32.py:9: UserWarning: exception TypeLookupError(['uint32_t &'],) in wrapper public: retval? ???::Diff (params?);
  warnings.warn("exception %r in wrapper %s" % (exception, wrapper))
/home/abdo/ns-allinone-3.13/ns-3.13/src/internet/bindings/modulegen__gcc_ILP32.py:9: UserWarning: exception TypeConfigurationError('Missing transfer_ownership option',) in wrapper <pybindgen.cppmethod.CppConstructor object at 0x96172cc>
  warnings.warn("exception %r in wrapper %s" % (exception, wrapper))
/home/abdo/ns-allinone-3.13/ns-3.13/src/internet/bindings/modulegen__gcc_ILP32.py:9: UserWarning: exception TypeConfigurationError('Missing transfer_ownership option',) in wrapper public: retval? ???::SetLSA (params?);
  warnings.warn("exception %r in wrapper %s" % (exception, wrapper))
/home/abdo/ns-allinone-3.13/ns-3.13/src/internet/bindings/modulegen__gcc_ILP32.py:9: UserWarning: exception TypeLookupError(['std::pair< ns3::Ipv4Address, int >'],) in wrapper public: retval? ???::SetRootExitDirection (params?);
  warnings.warn("exception %r in wrapper %s" % (exception, wrapper))
/home/abdo/ns-allinone-3.13/ns-3.13/src/internet/bindings/modulegen__gcc_ILP32.py:9: UserWarning: exception TypeLookupError(['std::pair< ns3::Ipv4Address, int >'],) in wrapper public: retval? ???::GetRootExitDirection (params?) const;
  warnings.warn("exception %r in wrapper %s" % (exception, wrapper))
/home/abdo/ns-allinone-3.13/ns-3.13/src/internet/bindings/modulegen__gcc_ILP32.py:9: UserWarning: exception TypeConfigurationError('Either caller_owns_return or self.reference_existing_object must be given',) in wrapper public: retval? ???::GetParent (params?) const;
  warnings.warn("exception %r in wrapper %s" % (exception, wrapper))
/home/abdo/ns-allinone-3.13/ns-3.13/src/internet/bindings/modulegen__gcc_ILP32.py:9: UserWarning: exception TypeConfigurationError('Missing transfer_ownership option',) in wrapper public: retval? ???::SetParent (params?);
  warnings.warn("exception %r in wrapper %s" % (exception, wrapper))
/home/abdo/ns-allinone-3.13/ns-3.13/src/internet/bindings/modulegen__gcc_ILP32.py:9: UserWarning: exception TypeConfigurationError('Either caller_owns_return or self.reference_existing_object must be given',) in wrapper public: retval? ???::GetChild (params?) const;
  warnings.warn("exception %r in wrapper %s" % (exception, wrapper))
/home/abdo/ns-allinone-3.13/ns-3.13/src/internet/bindings/modulegen__gcc_ILP32.py:9: UserWarning: exception TypeConfigurationError('Missing transfer_ownership option',) in wrapper public: retval? ???::AddChild (params?);
  warnings.warn("exception %r in wrapper %s" % (exception, wrapper))
/home/abdo/ns-allinone-3.13/ns-3.13/src/internet/bindings/modulegen__gcc_ILP32.py:9: UserWarning: exception TypeLookupError(['ns3::Ptr< ns3::SimulatorImpl >', 'ns3::SimulatorImpl *'],) in wrapper public: retval? ???::GetImplementation (params?);
  warnings.warn("exception %r in wrapper %s" % (exception, wrapper))
/home/abdo/ns-allinone-3.13/ns-3.13/src/internet/bindings/modulegen__gcc_ILP32.py:9: UserWarning: exception TypeLookupError(['ns3::Ptr< ns3::SimulatorImpl >', 'ns3::SimulatorImpl *'],) in wrapper public: retval? ???::SetImplementation (params?);
  warnings.warn("exception %r in wrapper %s" % (exception, wrapper))
/home/abdo/ns-allinone-3.13/ns-3.13/src/internet/bindings/modulegen__gcc_ILP32.py:9: UserWarning: exception TypeLookupError(['std::ostream &'],) in wrapper public: virtual retval? ???::Print (params?) const = 0;
  warnings.warn("exception %r in wrapper %s" % (exception, wrapper))
/home/abdo/ns-allinone-3.13/ns-3.13/src/internet/bindings/modulegen__gcc_ILP32.py:9: UserWarning: exception TypeConfigurationError('direction not given',) in wrapper <pybindgen.cppmethod.CppConstructor object at 0x96985ac>
  warnings.warn("exception %r in wrapper %s" % (exception, wrapper))
/home/abdo/ns-allinone-3.13/ns-3.13/src/internet/bindings/modulegen__gcc_ILP32.py:9: UserWarning: exception TypeLookupError(['ns3::Callback< ns3::ObjectBase *, ns3::empty, ns3::empty, ns3::empty, ns3::empty, ns3::empty, ns3::empty, ns3::empty, ns3::empty, ns3::empty >'],) in wrapper public: retval? ???::GetConstructor (params?) const;
  warnings.warn("exception %r in wrapper %s" % (exception, wrapper))
/home/abdo/ns-allinone-3.13/ns-3.13/src/internet/bindings/modulegen__gcc_ILP32.py:9: UserWarning: exception TypeConfigurationError('Missing transfer_ownership option',) in wrapper public: retval? ???::LookupAttributeByName (params?) const;
  warnings.warn("exception %r in wrapper %s" % (exception, wrapper))
/home/abdo/ns-allinone-3.13/ns-3.13/src/internet/bindings/modulegen__gcc_ILP32.py:9: UserWarning: exception TypeLookupError(['short unsigned int'],) in wrapper None
  warnings.warn("exception %r in wrapper %s" % (exception, wrapper))
/home/abdo/ns-allinone-3.13/ns-3.13/src/internet/bindings/modulegen__gcc_ILP32.py:9: UserWarning: exception TypeConfigurationError('direction not given',) in wrapper public: retval? ???::GetData (params?) const;
  warnings.warn("exception %r in wrapper %s" % (exception, wrapper))
/home/abdo/ns-allinone-3.13/ns-3.13/src/internet/bindings/modulegen__gcc_ILP32.py:9: UserWarning: exception TypeLookupError(['std::ostream &'],) in wrapper private: virtual retval? ???::Print (params?) const;
  warnings.warn("exception %r in wrapper %s" % (exception, wrapper))
/home/abdo/ns-allinone-3.13/ns-3.13/src/internet/bindings/modulegen__gcc_ILP32.py:9: UserWarning: exception TypeLookupError(['std::ostream &'],) in wrapper public: virtual retval? ???::Print (params?) const;
  warnings.warn("exception %r in wrapper %s" % (exception, wrapper))
/home/abdo/ns-allinone-3.13/ns-3.13/src/internet/bindings/modulegen__gcc_ILP32.py:9: UserWarning: exception TypeLookupError(['std::pair< double, double >'],) in wrapper <pybindgen.cppmethod.CppConstructor object at 0x9c6bcac>
  warnings.warn("exception %r in wrapper %s" % (exception, wrapper))
/home/abdo/ns-allinone-3.13/ns-3.13/src/internet/bindings/modulegen__gcc_ILP32.py:9: UserWarning: exception TypeLookupError(['std::pair< double, double >'],) in wrapper <pybindgen.cppmethod.CppConstructor object at 0x9c6bccc>
  warnings.warn("exception %r in wrapper %s" % (exception, wrapper))
/home/abdo/ns-allinone-3.13/ns-3.13/src/internet/bindings/modulegen__gcc_ILP32.py:9: UserWarning: exception TypeConfigurationError('direction not given',) in wrapper public: retval? ???::Recv (params?);
  warnings.warn("exception %r in wrapper %s" % (exception, wrapper))
/home/abdo/ns-allinone-3.13/ns-3.13/src/internet/bindings/modulegen__gcc_ILP32.py:9: UserWarning: exception TypeConfigurationError('direction not given',) in wrapper public: retval? ???::RecvFrom (params?);
  warnings.warn("exception %r in wrapper %s" % (exception, wrapper))
/home/abdo/ns-allinone-3.13/ns-3.13/src/internet/bindings/modulegen__gcc_ILP32.py:9: UserWarning: exception TypeConfigurationError('direction not given',) in wrapper public: retval? ???::Send (params?);
  warnings.warn("exception %r in wrapper %s" % (exception, wrapper))
/home/abdo/ns-allinone-3.13/ns-3.13/src/internet/bindings/modulegen__gcc_ILP32.py:9: UserWarning: exception TypeConfigurationError('direction not given',) in wrapper public: retval? ???::SendTo (params?);
  warnings.warn("exception %r in wrapper %s" % (exception, wrapper))
/home/abdo/ns-allinone-3.13/ns-3.13/src/internet/bindings/modulegen__gcc_ILP32.py:9: UserWarning: exception TypeLookupError(['char * [ 11 ]'],) in wrapper None
  warnings.warn("exception %r in wrapper %s" % (exception, wrapper))
/home/abdo/ns-allinone-3.13/ns-3.13/src/internet/bindings/modulegen__gcc_ILP32.py:9: UserWarning: exception TypeConfigurationError('Either caller_owns_return or self.reference_existing_object must be given',) in wrapper public: retval? ???::Add (params?);
  warnings.warn("exception %r in wrapper %s" % (exception, wrapper))
/home/abdo/ns-allinone-3.13/ns-3.13/src/internet/bindings/modulegen__gcc_ILP32.py:9: UserWarning: exception TypeConfigurationError('Either caller_owns_return or self.reference_existing_object must be given',) in wrapper public: retval? ???::Lookup (params?);
  warnings.warn("exception %r in wrapper %s" % (exception, wrapper))
/home/abdo/ns-allinone-3.13/ns-3.13/src/internet/bindings/modulegen__gcc_ILP32.py:9: UserWarning: exception TypeConfigurationError('Missing transfer_ownership option',) in wrapper <pybindgen.cppmethod.CppConstructor object at 0x9f6d6ac>
  warnings.warn("exception %r in wrapper %s" % (exception, wrapper))
/home/abdo/ns-allinone-3.13/ns-3.13/src/internet/bindings/modulegen__gcc_ILP32.py:9: UserWarning: exception TypeConfigurationError('Missing transfer_ownership option',) in wrapper public: retval? ???::Lookup (params?);
  warnings.warn("exception %r in wrapper %s" % (exception, wrapper))
/home/abdo/ns-allinone-3.13/ns-3.13/src/internet/bindings/modulegen__gcc_ILP32.py:9: UserWarning: exception TypeLookupError(['ns3::Callback< void, ns3::Ptr< ns3::Packet >, ns3::Ipv4Address, ns3::Ipv4Address, unsigned char, ns3::Ptr< ns3::Ipv4Route >, ns3::empty, ns3::empty, ns3::empty, ns3::empty >'],) in wrapper public: virtual retval? ???::GetDownTarget (params?) const = 0;
  warnings.warn("exception %r in wrapper %s" % (exception, wrapper))
/home/abdo/ns-allinone-3.13/ns-3.13/src/internet/bindings/modulegen__gcc_ILP32.py:9: UserWarning: exception TypeConfigurationError('direction not given',) in wrapper public: virtual retval? ???::ReceiveIcmp (params?);
  warnings.warn("exception %r in wrapper %s" % (exception, wrapper))
/home/abdo/ns-allinone-3.13/ns-3.13/src/internet/bindings/modulegen__gcc_ILP32.py:9: UserWarning: exception TypeLookupError(['ns3::Callback< void, ns3::Ptr< ns3::Ipv4Route >, ns3::Ptr< ns3::Packet const >, ns3::Ipv4Header const &, ns3::empty, ns3::empty, ns3::empty, ns3::empty, ns3::empty, ns3::empty >'],) in wrapper public: virtual retval? ???::RouteInput (params?) = 0;
  warnings.warn("exception %r in wrapper %s" % (exception, wrapper))
/home/abdo/ns-allinone-3.13/ns-3.13/src/internet/bindings/modulegen__gcc_ILP32.py:9: UserWarning: exception TypeLookupError(['ns3::Callback< void, ns3::Ptr< ns3::Ipv4Route >, ns3::Ptr< ns3::Packet const >, ns3::Ipv4Header const &, ns3::empty, ns3::empty, ns3::empty, ns3::empty, ns3::empty, ns3::empty >'],) in wrapper public: virtual retval? ???::RouteInput (params?);
  warnings.warn("exception %r in wrapper %s" % (exception, wrapper))
/home/abdo/ns-allinone-3.13/ns-3.13/src/internet/bindings/modulegen__gcc_ILP32.py:9: UserWarning: exception TypeLookupError(['ns3::Callback< void, ns3::Ptr< ns3::Ipv6Route >, ns3::Ptr< ns3::Packet const >, ns3::Ipv6Header const &, ns3::empty, ns3::empty, ns3::empty, ns3::empty, ns3::empty, ns3::empty >'],) in wrapper public: virtual retval? ???::RouteInput (params?) = 0;
  warnings.warn("exception %r in wrapper %s" % (exception, wrapper))
/home/abdo/ns-allinone-3.13/ns-3.13/src/internet/bindings/modulegen__gcc_ILP32.py:9: UserWarning: exception TypeLookupError(['ns3::Callback< void, ns3::Ptr< ns3::Ipv6Route >, ns3::Ptr< ns3::Packet const >, ns3::Ipv6Header const &, ns3::empty, ns3::empty, ns3::empty, ns3::empty, ns3::empty, ns3::empty >'],) in wrapper public: virtual retval? ???::RouteInput (params?);
  warnings.warn("exception %r in wrapper %s" % (exception, wrapper))
/home/abdo/ns-allinone-3.13/ns-3.13/src/internet/bindings/modulegen__gcc_ILP32.py:9: UserWarning: exception TypeConfigurationError('Missing transfer_ownership option',) in wrapper public: retval? ???::Remove (params?);
  warnings.warn("exception %r in wrapper %s" % (exception, wrapper))
/home/abdo/ns-allinone-3.13/ns-3.13/src/internet/bindings/modulegen__gcc_ILP32.py:9: UserWarning: exception TypeConfigurationError('Missing transfer_ownership option',) in wrapper <pybindgen.cppmethod.CppConstructor object at 0xa6cd2ec>
  warnings.warn("exception %r in wrapper %s" % (exception, wrapper))
/home/abdo/ns-allinone-3.13/ns-3.13/src/internet/bindings/modulegen__gcc_ILP32.py:9: UserWarning: exception TypeLookupError(['ns3::Ptr< ns3::Application >', 'ns3::Application *'],) in wrapper public: retval? ???::AddApplication (params?);
  warnings.warn("exception %r in wrapper %s" % (exception, wrapper))
/home/abdo/ns-allinone-3.13/ns-3.13/src/internet/bindings/modulegen__gcc_ILP32.py:9: UserWarning: exception TypeLookupError(['ns3::Ptr< ns3::Application >', 'ns3::Application *'],) in wrapper public: retval? ???::GetApplication (params?) const;
  warnings.warn("exception %r in wrapper %s" % (exception, wrapper))
/home/abdo/ns-allinone-3.13/ns-3.13/src/internet/bindings/modulegen__gcc_ILP32.py:9: UserWarning: exception TypeLookupError(['ns3::Callback< void, ns3::Ptr< ns3::NetDevice >, ns3::empty, ns3::empty, ns3::empty, ns3::empty, ns3::empty, ns3::empty, ns3::empty, ns3::empty >'],) in wrapper public: retval? ???::RegisterDeviceAdditionListener (params?);
  warnings.warn("exception %r in wrapper %s" % (exception, wrapper))
/home/abdo/ns-allinone-3.13/ns-3.13/src/internet/bindings/modulegen__gcc_ILP32.py:9: UserWarning: exception TypeLookupError(['ns3::Callback< void, ns3::Ptr< ns3::NetDevice >, ns3::empty, ns3::empty, ns3::empty, ns3::empty, ns3::empty, ns3::empty, ns3::empty, ns3::empty >'],) in wrapper public: retval? ???::UnregisterDeviceAdditionListener (params?);
  warnings.warn("exception %r in wrapper %s" % (exception, wrapper))
/home/abdo/ns-allinone-3.13/ns-3.13/src/internet/bindings/modulegen__gcc_ILP32.py:9: UserWarning: exception TypeLookupError(['std::ostream *'],) in wrapper <pybindgen.cppmethod.CppConstructor object at 0xa7c748c>
  warnings.warn("exception %r in wrapper %s" % (exception, wrapper))
/home/abdo/ns-allinone-3.13/ns-3.13/src/internet/bindings/modulegen__gcc_ILP32.py:9: UserWarning: exception TypeLookupError(['std::ostream *'],) in wrapper public: retval? ???::GetStream (params?);
  warnings.warn("exception %r in wrapper %s" % (exception, wrapper))
/home/abdo/ns-allinone-3.13/ns-3.13/src/internet/bindings/modulegen__gcc_ILP32.py:9: UserWarning: exception TypeConfigurationError('direction not given',) in wrapper <pybindgen.cppmethod.CppConstructor object at 0xa7f842c>
  warnings.warn("exception %r in wrapper %s" % (exception, wrapper))
/home/abdo/ns-allinone-3.13/ns-3.13/src/internet/bindings/modulegen__gcc_ILP32.py:9: UserWarning: exception TypeConfigurationError('direction not given',) in wrapper <pybindgen.cppmethod.CppConstructor object at 0xa7f844c>
  warnings.warn("exception %r in wrapper %s" % (exception, wrapper))
/home/abdo/ns-allinone-3.13/ns-3.13/src/internet/bindings/modulegen__gcc_ILP32.py:9: UserWarning: exception TypeLookupError(['std::ostream &'],) in wrapper public: retval? ???::PrintByteTags (params?) const;
  warnings.warn("exception %r in wrapper %s" % (exception, wrapper))
/home/abdo/ns-allinone-3.13/ns-3.13/src/internet/bindings/modulegen__gcc_ILP32.py:9: UserWarning: exception TypeLookupError(['std::ostream &'],) in wrapper public: retval? ???::PrintPacketTags (params?) const;
  warnings.warn("exception %r in wrapper %s" % (exception, wrapper))
/home/abdo/ns-allinone-3.13/ns-3.13/src/internet/bindings/modulegen__gcc_ILP32.py:9: UserWarning: exception TypeConfigurationError('Either caller_owns_return or self.reference_existing_object must be given',) in wrapper public: retval? ???::Allocate (params?);
  warnings.warn("exception %r in wrapper %s" % (exception, wrapper))
/home/abdo/ns-allinone-3.13/ns-3.13/src/internet/bindings/modulegen__gcc_ILP32.py:9: UserWarning: exception TypeConfigurationError('Missing transfer_ownership option',) in wrapper public: retval? ???::DeAllocate (params?);
  warnings.warn("exception %r in wrapper %s" % (exception, wrapper))
/home/abdo/ns-allinone-3.13/ns-3.13/src/internet/bindings/modulegen__gcc_ILP32.py:9: UserWarning: exception TypeLookupError(['ns3::Callback< void, ns3::Ptr< ns3::Packet >, ns3::Ipv4Address, ns3::Ipv4Address, unsigned char, ns3::Ptr< ns3::Ipv4Route >, ns3::empty, ns3::empty, ns3::empty, ns3::empty >'],) in wrapper public: virtual retval? ???::GetDownTarget (params?) const;
  warnings.warn("exception %r in wrapper %s" % (exception, wrapper))
/home/abdo/ns-allinone-3.13/ns-3.13/src/internet/bindings/modulegen__gcc_ILP32.py:9: UserWarning: exception TypeConfigurationError('Missing transfer_ownership option',) in wrapper public: retval? ???::ForgeNA (params?);
  warnings.warn("exception %r in wrapper %s" % (exception, wrapper))
/home/abdo/ns-allinone-3.13/ns-3.13/src/internet/bindings/modulegen__gcc_ILP32.py:9: UserWarning: exception TypeConfigurationError('Missing transfer_ownership option',) in wrapper public: retval? ???::FunctionDadTimeout (params?);
  warnings.warn("exception %r in wrapper %s" % (exception, wrapper))
/home/abdo/ns-allinone-3.13/ns-3.13/src/internet/bindings/modulegen__gcc_ILP32.py:9: UserWarning: exception TypeConfigurationError('Missing transfer_ownership option',) in wrapper public: retval? ???::SendNA (params?);
  warnings.warn("exception %r in wrapper %s" % (exception, wrapper))
/home/abdo/ns-allinone-3.13/pybindgen-0.15.0.795/pybindgen/cppclass_typehandlers.py:1134: UserWarning: Returning shared pointers is dangerous!  The C++ API should be redesigned to avoid this situation.
  warnings.warn("Returning shared pointers is dangerous!"
/home/abdo/ns-allinone-3.13/ns-3.13/src/internet/bindings/modulegen__gcc_ILP32.py:9: UserWarning: exception NotSupportedError('Reverse wrappers for ns3::Callback<...> types (python using callbacks defined in C++) not implemented.',) in wrapper public: virtual void ns3::LoopbackNetDevice::AddLinkChangeCallback (ns3::Callback< void, ns3::empty, ns3::empty, ns3::empty, ns3::empty, ns3::empty, ns3::empty, ns3::empty, ns3::empty, ns3::empty > callback);
  warnings.warn("exception %r in wrapper %s" % (exception, wrapper))
/home/abdo/ns-allinone-3.13/ns-3.13/src/internet/bindings/modulegen__gcc_ILP32.py:9: UserWarning: exception NotSupportedError('Reverse wrappers for ns3::Callback<...> types (python using callbacks defined in C++) not implemented.',) in wrapper public: virtual void ns3::LoopbackNetDevice::SetPromiscReceiveCallback (ns3::Callback< bool, ns3::Ptr< ns3::NetDevice >, ns3::Ptr< ns3::Packet const >, unsigned short, ns3::Address const &, ns3::Address const &, ns3::NetDevice::PacketType, ns3::empty, ns3::empty, ns3::empty > cb);
  warnings.warn("exception %r in wrapper %s" % (exception, wrapper))
/home/abdo/ns-allinone-3.13/ns-3.13/src/internet/bindings/modulegen__gcc_ILP32.py:9: UserWarning: exception NotSupportedError('Reverse wrappers for ns3::Callback<...> types (python using callbacks defined in C++) not implemented.',) in wrapper public: virtual void ns3::LoopbackNetDevice::SetReceiveCallback (ns3::Callback< bool, ns3::Ptr< ns3::NetDevice >, ns3::Ptr< ns3::Packet const >, unsigned short, ns3::Address const &, ns3::empty, ns3::empty, ns3::empty, ns3::empty, ns3::empty > cb);
  warnings.warn("exception %r in wrapper %s" % (exception, wrapper))
/home/abdo/ns-allinone-3.13/ns-3.13/src/internet/bindings/modulegen__gcc_ILP32.py:9: UserWarning: exception CodeGenerationError('ns3::AsciiTraceHelperForIpv4 cannot be constructed (class has pure virtual methods)',) in wrapper <pybindgen.CppClass 'ns3::AsciiTraceHelperForIpv4'>
  warnings.warn("exception %r in wrapper %s" % (exception, wrapper))
/home/abdo/ns-allinone-3.13/ns-3.13/src/internet/bindings/modulegen__gcc_ILP32.py:9: UserWarning: exception CodeGenerationError('ns3::AsciiTraceHelperForIpv6 cannot be constructed (class has pure virtual methods)',) in wrapper <pybindgen.CppClass 'ns3::AsciiTraceHelperForIpv6'>
  warnings.warn("exception %r in wrapper %s" % (exception, wrapper))
/home/abdo/ns-allinone-3.13/ns-3.13/src/internet/bindings/modulegen__gcc_ILP32.py:9: UserWarning: exception CodeGenerationError('ns3::Ipv4RoutingHelper cannot be constructed (have pure virtual methods but no helper class)',) in wrapper <pybindgen.CppClass 'ns3::Ipv4RoutingHelper'>
  warnings.warn("exception %r in wrapper %s" % (exception, wrapper))
/home/abdo/ns-allinone-3.13/ns-3.13/src/internet/bindings/modulegen__gcc_ILP32.py:9: UserWarning: exception CodeGenerationError('ns3::Ipv6RoutingHelper cannot be constructed (have pure virtual methods but no helper class)',) in wrapper <pybindgen.CppClass 'ns3::Ipv6RoutingHelper'>
  warnings.warn("exception %r in wrapper %s" % (exception, wrapper))
/home/abdo/ns-allinone-3.13/ns-3.13/src/internet/bindings/modulegen__gcc_ILP32.py:9: UserWarning: exception CodeGenerationError('ns3::PcapHelperForIpv4 cannot be constructed (class has pure virtual methods)',) in wrapper <pybindgen.CppClass 'ns3::PcapHelperForIpv4'>
  warnings.warn("exception %r in wrapper %s" % (exception, wrapper))
/home/abdo/ns-allinone-3.13/ns-3.13/src/internet/bindings/modulegen__gcc_ILP32.py:9: UserWarning: exception CodeGenerationError('ns3::PcapHelperForIpv6 cannot be constructed (class has pure virtual methods)',) in wrapper <pybindgen.CppClass 'ns3::PcapHelperForIpv6'>
  warnings.warn("exception %r in wrapper %s" % (exception, wrapper))
/home/abdo/ns-allinone-3.13/ns-3.13/src/internet/bindings/modulegen__gcc_ILP32.py:9: UserWarning: exception CodeGenerationError('ns3::TcpSocket cannot be constructed (class has pure virtual methods)',) in wrapper <pybindgen.CppClass 'ns3::TcpSocket'>
  warnings.warn("exception %r in wrapper %s" % (exception, wrapper))
/home/abdo/ns-allinone-3.13/ns-3.13/src/internet/bindings/modulegen__gcc_ILP32.py:9: UserWarning: exception CodeGenerationError('ns3::TcpSocketFactory cannot be constructed (have pure virtual methods but no helper class)',) in wrapper <pybindgen.CppClass 'ns3::TcpSocketFactory'>
  warnings.warn("exception %r in wrapper %s" % (exception, wrapper))
/home/abdo/ns-allinone-3.13/ns-3.13/src/internet/bindings/modulegen__gcc_ILP32.py:9: UserWarning: exception CodeGenerationError('ns3::UdpSocket cannot be constructed (class has pure virtual methods)',) in wrapper <pybindgen.CppClass 'ns3::UdpSocket'>
  warnings.warn("exception %r in wrapper %s" % (exception, wrapper))
/home/abdo/ns-allinone-3.13/ns-3.13/src/internet/bindings/modulegen__gcc_ILP32.py:9: UserWarning: exception CodeGenerationError('ns3::UdpSocketFactory cannot be constructed (have pure virtual methods but no helper class)',) in wrapper <pybindgen.CppClass 'ns3::UdpSocketFactory'>
  warnings.warn("exception %r in wrapper %s" % (exception, wrapper))
/home/abdo/ns-allinone-3.13/ns-3.13/src/internet/bindings/modulegen__gcc_ILP32.py:9: UserWarning: exception CodeGenerationError('ns3::Ipv4 cannot be constructed (class has pure virtual methods)',) in wrapper <pybindgen.CppClass 'ns3::Ipv4'>
  warnings.warn("exception %r in wrapper %s" % (exception, wrapper))
/home/abdo/ns-allinone-3.13/ns-3.13/src/internet/bindings/modulegen__gcc_ILP32.py:9: UserWarning: exception CodeGenerationError('ns3::Ipv4L4Protocol cannot be constructed (have pure virtual methods but no helper class)',) in wrapper <pybindgen.CppClass 'ns3::Ipv4L4Protocol'>
  warnings.warn("exception %r in wrapper %s" % (exception, wrapper))
/home/abdo/ns-allinone-3.13/ns-3.13/src/internet/bindings/modulegen__gcc_ILP32.py:9: UserWarning: exception CodeGenerationError('ns3::Ipv4RawSocketFactory cannot be constructed (have pure virtual methods but no helper class)',) in wrapper <pybindgen.CppClass 'ns3::Ipv4RawSocketFactory'>
  warnings.warn("exception %r in wrapper %s" % (exception, wrapper))
/home/abdo/ns-allinone-3.13/ns-3.13/src/internet/bindings/modulegen__gcc_ILP32.py:9: UserWarning: exception CodeGenerationError('ns3::Ipv4RoutingProtocol cannot be constructed (have pure virtual methods but no helper class)',) in wrapper <pybindgen.CppClass 'ns3::Ipv4RoutingProtocol'>
  warnings.warn("exception %r in wrapper %s" % (exception, wrapper))
/home/abdo/ns-allinone-3.13/ns-3.13/src/internet/bindings/modulegen__gcc_ILP32.py:9: UserWarning: exception CodeGenerationError('ns3::Ipv6 cannot be constructed (class has pure virtual methods)',) in wrapper <pybindgen.CppClass 'ns3::Ipv6'>
  warnings.warn("exception %r in wrapper %s" % (exception, wrapper))
/home/abdo/ns-allinone-3.13/ns-3.13/src/internet/bindings/modulegen__gcc_ILP32.py:9: UserWarning: exception CodeGenerationError('ns3::Ipv6L4Protocol cannot be constructed (class has pure virtual methods)',) in wrapper <pybindgen.CppClass 'ns3::Ipv6L4Protocol'>
  warnings.warn("exception %r in wrapper %s" % (exception, wrapper))
/home/abdo/ns-allinone-3.13/ns-3.13/src/internet/bindings/modulegen__gcc_ILP32.py:9: UserWarning: exception CodeGenerationError('ns3::Ipv6RawSocketFactory cannot be constructed (have pure virtual methods but no helper class)',) in wrapper <pybindgen.CppClass 'ns3::Ipv6RawSocketFactory'>
  warnings.warn("exception %r in wrapper %s" % (exception, wrapper))
/home/abdo/ns-allinone-3.13/ns-3.13/src/internet/bindings/modulegen__gcc_ILP32.py:9: UserWarning: exception CodeGenerationError('ns3::Ipv6RoutingProtocol cannot be constructed (have pure virtual methods but no helper class)',) in wrapper <pybindgen.CppClass 'ns3::Ipv6RoutingProtocol'>
  warnings.warn("exception %r in wrapper %s" % (exception, wrapper))
