>>>>>>>>>>>>>>>> [['void', 'ns3::Ptr<ns3::Socket>', 'ns3::empty', 'ns3::empty', 'ns3::empty', 'ns3::empty', 'ns3::empty', 'ns3::empty', 'ns3::empty', 'ns3::empty'], ['void', 'ns3::Ptr<ns3::Socket>', 'unsigned int', 'ns3::empty', 'ns3::empty', 'ns3::empty', 'ns3::empty', 'ns3::empty', 'ns3::empty', 'ns3::empty'], ['void', 'ns3::Ptr<ns3::Socket>', 'ns3::Address const&', 'ns3::empty', 'ns3::empty', 'ns3::empty', 'ns3::empty', 'ns3::empty', 'ns3::empty', 'ns3::empty'], ['bool', 'ns3::Ptr<ns3::Socket>', 'ns3::Address const&', 'ns3::empty', 'ns3::empty', 'ns3::empty', 'ns3::empty', 'ns3::empty', 'ns3::empty', 'ns3::empty']]
/home/abdo/ns-allinone-3.13/ns-3.13/bindings/python/ns3modulegen_core_customizations.py:69: DeprecationWarning: Typo: set_tranformation -> set_transformation
  handler.set_tranformation(self, orig_ctype)
***** registering callback handler: 'ns3::Callback< void, ns3::Ptr< ns3::Socket >, ns3::empty, ns3::empty, ns3::empty, ns3::empty, ns3::empty, ns3::empty, ns3::empty, ns3::empty >'
***** registering callback handler: 'ns3::Callback< void, ns3::Ptr< ns3::Socket >, unsigned int, ns3::empty, ns3::empty, ns3::empty, ns3::empty, ns3::empty, ns3::empty, ns3::empty >'
/home/abdo/ns-allinone-3.13/pybindgen-0.15.0.795/pybindgen/typehandlers/base.py:1058: DeprecationWarning: is_const is deprecated, put a 'const' in the C type instead.
  warnings.warn("is_const is deprecated, put a 'const' in the C type instead.", DeprecationWarning)
***** registering callback handler: 'ns3::Callback< void, ns3::Ptr< ns3::Socket >, ns3::Address const &, ns3::empty, ns3::empty, ns3::empty, ns3::empty, ns3::empty, ns3::empty, ns3::empty >'
***** registering callback handler: 'ns3::Callback< bool, ns3::Ptr< ns3::Socket >, ns3::Address const &, ns3::empty, ns3::empty, ns3::empty, ns3::empty, ns3::empty, ns3::empty, ns3::empty >'
/home/abdo/ns-allinone-3.13/ns-3.13/src/click/bindings/modulegen__gcc_ILP32.py:9: UserWarning: exception TypeConfigurationError('direction not given',) in wrapper <pybindgen.cppmethod.CppConstructor object at 0x87db56c>
  warnings.warn("exception %r in wrapper %s" % (exception, wrapper))
/home/abdo/ns-allinone-3.13/ns-3.13/src/click/bindings/modulegen__gcc_ILP32.py:9: UserWarning: exception TypeConfigurationError('direction not given',) in wrapper public: retval? ???::CopyAllFrom (params?);
  warnings.warn("exception %r in wrapper %s" % (exception, wrapper))
/home/abdo/ns-allinone-3.13/ns-3.13/src/click/bindings/modulegen__gcc_ILP32.py:9: UserWarning: exception TypeConfigurationError('direction not given',) in wrapper public: retval? ???::CopyAllTo (params?) const;
  warnings.warn("exception %r in wrapper %s" % (exception, wrapper))
/home/abdo/ns-allinone-3.13/ns-3.13/src/click/bindings/modulegen__gcc_ILP32.py:9: UserWarning: exception TypeConfigurationError('direction not given',) in wrapper public: retval? ???::CopyFrom (params?);
  warnings.warn("exception %r in wrapper %s" % (exception, wrapper))
/home/abdo/ns-allinone-3.13/ns-3.13/src/click/bindings/modulegen__gcc_ILP32.py:9: UserWarning: exception TypeConfigurationError('direction not given',) in wrapper public: retval? ???::CopyTo (params?) const;
  warnings.warn("exception %r in wrapper %s" % (exception, wrapper))
/home/abdo/ns-allinone-3.13/ns-3.13/src/click/bindings/modulegen__gcc_ILP32.py:9: UserWarning: exception TypeLookupError(['std::_List_const_iterator< ns3::AttributeConstructionList::Item >'],) in wrapper public: retval? ???::Begin (params?) const;
  warnings.warn("exception %r in wrapper %s" % (exception, wrapper))
/home/abdo/ns-allinone-3.13/ns-3.13/src/click/bindings/modulegen__gcc_ILP32.py:9: UserWarning: exception TypeLookupError(['std::_List_const_iterator< ns3::AttributeConstructionList::Item >'],) in wrapper public: retval? ???::End (params?) const;
  warnings.warn("exception %r in wrapper %s" % (exception, wrapper))
/home/abdo/ns-allinone-3.13/ns-3.13/src/click/bindings/modulegen__gcc_ILP32.py:9: UserWarning: exception TypeLookupError(['std::ostream *'],) in wrapper public: retval? ???::CopyData (params?) const;
  warnings.warn("exception %r in wrapper %s" % (exception, wrapper))
/home/abdo/ns-allinone-3.13/ns-3.13/src/click/bindings/modulegen__gcc_ILP32.py:9: UserWarning: exception TypeConfigurationError('direction not given',) in wrapper public: retval? ???::CopyData (params?) const;
  warnings.warn("exception %r in wrapper %s" % (exception, wrapper))
/home/abdo/ns-allinone-3.13/ns-3.13/src/click/bindings/modulegen__gcc_ILP32.py:9: UserWarning: exception TypeConfigurationError('direction not given',) in wrapper public: retval? ???::Deserialize (params?);
  warnings.warn("exception %r in wrapper %s" % (exception, wrapper))
/home/abdo/ns-allinone-3.13/ns-3.13/src/click/bindings/modulegen__gcc_ILP32.py:9: UserWarning: exception TypeLookupError(['uint8_t *'],) in wrapper public: retval? ???::PeekData (params?) const;
  warnings.warn("exception %r in wrapper %s" % (exception, wrapper))
/home/abdo/ns-allinone-3.13/ns-3.13/src/click/bindings/modulegen__gcc_ILP32.py:9: UserWarning: exception TypeConfigurationError('direction not given',) in wrapper public: retval? ???::Serialize (params?) const;
  warnings.warn("exception %r in wrapper %s" % (exception, wrapper))
/home/abdo/ns-allinone-3.13/ns-3.13/src/click/bindings/modulegen__gcc_ILP32.py:9: UserWarning: exception TypeConfigurationError('direction not given',) in wrapper public: retval? ???::Read (params?);
  warnings.warn("exception %r in wrapper %s" % (exception, wrapper))
/home/abdo/ns-allinone-3.13/ns-3.13/src/click/bindings/modulegen__gcc_ILP32.py:9: UserWarning: exception TypeConfigurationError('direction not given',) in wrapper public: retval? ???::Write (params?);
  warnings.warn("exception %r in wrapper %s" % (exception, wrapper))
/home/abdo/ns-allinone-3.13/ns-3.13/src/click/bindings/modulegen__gcc_ILP32.py:9: UserWarning: exception TypeLookupError(['std::ostream &'],) in wrapper public: retval? ???::Print (params?) const;
  warnings.warn("exception %r in wrapper %s" % (exception, wrapper))
/home/abdo/ns-allinone-3.13/ns-3.13/src/click/bindings/modulegen__gcc_ILP32.py:9: UserWarning: exception TypeConfigurationError('direction not given',) in wrapper <pybindgen.cppmethod.CppConstructor object at 0x85616ac>
  warnings.warn("exception %r in wrapper %s" % (exception, wrapper))
/home/abdo/ns-allinone-3.13/ns-3.13/src/click/bindings/modulegen__gcc_ILP32.py:9: UserWarning: exception TypeConfigurationError('direction not given',) in wrapper public: retval? ???::GetBytes (params?) const;
  warnings.warn("exception %r in wrapper %s" % (exception, wrapper))
/home/abdo/ns-allinone-3.13/ns-3.13/src/click/bindings/modulegen__gcc_ILP32.py:9: UserWarning: exception TypeLookupError(['ns3::Mac48Address'],) in wrapper public: retval? ???::MakeAutoconfiguredAddress (params?);
  warnings.warn("exception %r in wrapper %s" % (exception, wrapper))
/home/abdo/ns-allinone-3.13/ns-3.13/src/click/bindings/modulegen__gcc_ILP32.py:9: UserWarning: exception TypeLookupError(['ns3::Mac48Address'],) in wrapper public: retval? ???::MakeAutoconfiguredLinkLocalAddress (params?);
  warnings.warn("exception %r in wrapper %s" % (exception, wrapper))
/home/abdo/ns-allinone-3.13/ns-3.13/src/click/bindings/modulegen__gcc_ILP32.py:9: UserWarning: exception TypeConfigurationError('direction not given',) in wrapper public: retval? ???::Set (params?);
  warnings.warn("exception %r in wrapper %s" % (exception, wrapper))
/home/abdo/ns-allinone-3.13/ns-3.13/src/click/bindings/modulegen__gcc_ILP32.py:9: UserWarning: exception TypeConfigurationError('direction not given',) in wrapper <pybindgen.cppmethod.CppConstructor object at 0x857de4c>
  warnings.warn("exception %r in wrapper %s" % (exception, wrapper))
/home/abdo/ns-allinone-3.13/pybindgen-0.15.0.795/pybindgen/settings.py:85: DeprecationWarning: The option pybindgen.settings.deprecated_virtuals has not been set.  I am going to assume the value of True, to preserve backward compatibility, but the default value will change in the future, and the option will eventually disappear.
  DeprecationWarning)
/home/abdo/ns-allinone-3.13/ns-3.13/src/click/bindings/modulegen__gcc_ILP32.py:9: UserWarning: exception TypeConfigurationError('Missing transfer_ownership option',) in wrapper public: retval? ???::Delete (params?);
  warnings.warn("exception %r in wrapper %s" % (exception, wrapper))
/home/abdo/ns-allinone-3.13/ns-3.13/src/click/bindings/modulegen__gcc_ILP32.py:9: UserWarning: exception TypeLookupError(['uint8_t [ 20 ]'],) in wrapper None
  warnings.warn("exception %r in wrapper %s" % (exception, wrapper))
/home/abdo/ns-allinone-3.13/ns-3.13/src/click/bindings/modulegen__gcc_ILP32.py:9: UserWarning: exception TypeConfigurationError('Either caller_owns_return or self.reference_existing_object must be given',) in wrapper None
  warnings.warn("exception %r in wrapper %s" % (exception, wrapper))
/home/abdo/ns-allinone-3.13/ns-3.13/src/click/bindings/modulegen__gcc_ILP32.py:9: UserWarning: exception TypeLookupError(['std::ostream &'],) in wrapper public: virtual retval? ???::Print (params?) const = 0;
  warnings.warn("exception %r in wrapper %s" % (exception, wrapper))
/home/abdo/ns-allinone-3.13/ns-3.13/src/click/bindings/modulegen__gcc_ILP32.py:9: UserWarning: exception TypeConfigurationError('direction not given',) in wrapper <pybindgen.cppmethod.CppConstructor object at 0x89066ec>
  warnings.warn("exception %r in wrapper %s" % (exception, wrapper))
/home/abdo/ns-allinone-3.13/ns-3.13/src/click/bindings/modulegen__gcc_ILP32.py:9: UserWarning: exception TypeLookupError(['ns3::Callback< ns3::ObjectBase *, ns3::empty, ns3::empty, ns3::empty, ns3::empty, ns3::empty, ns3::empty, ns3::empty, ns3::empty, ns3::empty >'],) in wrapper public: retval? ???::GetConstructor (params?) const;
  warnings.warn("exception %r in wrapper %s" % (exception, wrapper))
/home/abdo/ns-allinone-3.13/ns-3.13/src/click/bindings/modulegen__gcc_ILP32.py:9: UserWarning: exception TypeConfigurationError('Missing transfer_ownership option',) in wrapper public: retval? ???::LookupAttributeByName (params?) const;
  warnings.warn("exception %r in wrapper %s" % (exception, wrapper))
/home/abdo/ns-allinone-3.13/ns-3.13/src/click/bindings/modulegen__gcc_ILP32.py:9: UserWarning: exception TypeLookupError(['std::ostream &'],) in wrapper public: virtual retval? ???::Print (params?) const;
  warnings.warn("exception %r in wrapper %s" % (exception, wrapper))
/home/abdo/ns-allinone-3.13/ns-3.13/src/click/bindings/modulegen__gcc_ILP32.py:9: UserWarning: exception TypeLookupError(['ns3::Ptr< ns3::Node >', 'ns3::Node *'],) in wrapper public: retval? ???::CreateSocket (params?);
  warnings.warn("exception %r in wrapper %s" % (exception, wrapper))
/home/abdo/ns-allinone-3.13/ns-3.13/src/click/bindings/modulegen__gcc_ILP32.py:9: UserWarning: exception TypeLookupError(['ns3::Ptr< ns3::Node >', 'ns3::Node *'],) in wrapper public: virtual retval? ???::GetNode (params?) const = 0;
  warnings.warn("exception %r in wrapper %s" % (exception, wrapper))
/home/abdo/ns-allinone-3.13/ns-3.13/src/click/bindings/modulegen__gcc_ILP32.py:9: UserWarning: exception TypeConfigurationError('direction not given',) in wrapper public: retval? ???::Recv (params?);
  warnings.warn("exception %r in wrapper %s" % (exception, wrapper))
/home/abdo/ns-allinone-3.13/ns-3.13/src/click/bindings/modulegen__gcc_ILP32.py:9: UserWarning: exception TypeConfigurationError('direction not given',) in wrapper public: retval? ???::RecvFrom (params?);
  warnings.warn("exception %r in wrapper %s" % (exception, wrapper))
/home/abdo/ns-allinone-3.13/ns-3.13/src/click/bindings/modulegen__gcc_ILP32.py:9: UserWarning: exception TypeConfigurationError('direction not given',) in wrapper public: retval? ???::Send (params?);
  warnings.warn("exception %r in wrapper %s" % (exception, wrapper))
/home/abdo/ns-allinone-3.13/ns-3.13/src/click/bindings/modulegen__gcc_ILP32.py:9: UserWarning: exception TypeConfigurationError('direction not given',) in wrapper public: retval? ???::SendTo (params?);
  warnings.warn("exception %r in wrapper %s" % (exception, wrapper))
/home/abdo/ns-allinone-3.13/ns-3.13/src/click/bindings/modulegen__gcc_ILP32.py:9: UserWarning: exception TypeLookupError(['ns3::Ptr< ns3::ArpCache >', 'ns3::ArpCache *'],) in wrapper public: retval? ???::GetArpCache (params?) const;
  warnings.warn("exception %r in wrapper %s" % (exception, wrapper))
/home/abdo/ns-allinone-3.13/ns-3.13/src/click/bindings/modulegen__gcc_ILP32.py:9: UserWarning: exception TypeLookupError(['ns3::Ptr< ns3::ArpCache >', 'ns3::ArpCache *'],) in wrapper public: retval? ???::SetArpCache (params?);
  warnings.warn("exception %r in wrapper %s" % (exception, wrapper))
/home/abdo/ns-allinone-3.13/ns-3.13/src/click/bindings/modulegen__gcc_ILP32.py:9: UserWarning: exception TypeLookupError(['ns3::Ptr< ns3::Node >', 'ns3::Node *'],) in wrapper public: retval? ???::SetNode (params?);
  warnings.warn("exception %r in wrapper %s" % (exception, wrapper))
/home/abdo/ns-allinone-3.13/ns-3.13/src/click/bindings/modulegen__gcc_ILP32.py:9: UserWarning: exception TypeLookupError(['ns3::Callback< void, ns3::Ptr< ns3::Packet >, ns3::Ipv4Address, ns3::Ipv4Address, unsigned char, ns3::Ptr< ns3::Ipv4Route >, ns3::empty, ns3::empty, ns3::empty, ns3::empty >'],) in wrapper public: virtual retval? ???::GetDownTarget (params?) const = 0;
  warnings.warn("exception %r in wrapper %s" % (exception, wrapper))
/home/abdo/ns-allinone-3.13/ns-3.13/src/click/bindings/modulegen__gcc_ILP32.py:9: UserWarning: exception TypeConfigurationError('direction not given',) in wrapper public: virtual retval? ???::ReceiveIcmp (params?);
  warnings.warn("exception %r in wrapper %s" % (exception, wrapper))
/home/abdo/ns-allinone-3.13/ns-3.13/src/click/bindings/modulegen__gcc_ILP32.py:9: UserWarning: exception TypeLookupError(['ns3::Callback< void, ns3::Ptr< ns3::Packet >, ns3::Ipv4Address, ns3::Ipv4Address, unsigned char, ns3::Ptr< ns3::Ipv4Route >, ns3::empty, ns3::empty, ns3::empty, ns3::empty >'],) in wrapper public: virtual retval? ???::SetDownTarget (params?) = 0;
  warnings.warn("exception %r in wrapper %s" % (exception, wrapper))
/home/abdo/ns-allinone-3.13/ns-3.13/src/click/bindings/modulegen__gcc_ILP32.py:9: UserWarning: exception TypeLookupError(['ns3::Callback< void, ns3::Ptr< ns3::Ipv4Route >, ns3::Ptr< ns3::Packet const >, ns3::Ipv4Header const &, ns3::empty, ns3::empty, ns3::empty, ns3::empty, ns3::empty, ns3::empty >'],) in wrapper public: virtual retval? ???::RouteInput (params?) = 0;
  warnings.warn("exception %r in wrapper %s" % (exception, wrapper))
/home/abdo/ns-allinone-3.13/ns-3.13/src/click/bindings/modulegen__gcc_ILP32.py:9: UserWarning: exception TypeLookupError(['ns3::Callback< void, ns3::empty, ns3::empty, ns3::empty, ns3::empty, ns3::empty, ns3::empty, ns3::empty, ns3::empty, ns3::empty >'],) in wrapper public: virtual retval? ???::AddLinkChangeCallback (params?) = 0;
  warnings.warn("exception %r in wrapper %s" % (exception, wrapper))
/home/abdo/ns-allinone-3.13/ns-3.13/src/click/bindings/modulegen__gcc_ILP32.py:9: UserWarning: exception TypeLookupError(['ns3::Ptr< ns3::Channel >', 'ns3::Channel *'],) in wrapper public: virtual retval? ???::GetChannel (params?) const = 0;
  warnings.warn("exception %r in wrapper %s" % (exception, wrapper))
/home/abdo/ns-allinone-3.13/ns-3.13/src/click/bindings/modulegen__gcc_ILP32.py:9: UserWarning: exception TypeLookupError(['ns3::Ptr< ns3::Node >', 'ns3::Node *'],) in wrapper public: virtual retval? ???::SetNode (params?) = 0;
  warnings.warn("exception %r in wrapper %s" % (exception, wrapper))
/home/abdo/ns-allinone-3.13/ns-3.13/src/click/bindings/modulegen__gcc_ILP32.py:9: UserWarning: exception TypeLookupError(['ns3::Callback< bool, ns3::Ptr< ns3::NetDevice >, ns3::Ptr< ns3::Packet const >, short unsigned int, ns3::Address const &, ns3::Address const &, ns3::NetDevice::PacketType, ns3::empty, ns3::empty, ns3::empty >'],) in wrapper public: virtual retval? ???::SetPromiscReceiveCallback (params?) = 0;
  warnings.warn("exception %r in wrapper %s" % (exception, wrapper))
/home/abdo/ns-allinone-3.13/ns-3.13/src/click/bindings/modulegen__gcc_ILP32.py:9: UserWarning: exception TypeLookupError(['ns3::Callback< bool, ns3::Ptr< ns3::NetDevice >, ns3::Ptr< ns3::Packet const >, short unsigned int, ns3::Address const &, ns3::empty, ns3::empty, ns3::empty, ns3::empty, ns3::empty >'],) in wrapper public: virtual retval? ???::SetReceiveCallback (params?) = 0;
  warnings.warn("exception %r in wrapper %s" % (exception, wrapper))
/home/abdo/ns-allinone-3.13/ns-3.13/src/click/bindings/modulegen__gcc_ILP32.py:9: UserWarning: exception TypeLookupError(['std::ostream *'],) in wrapper <pybindgen.cppmethod.CppConstructor object at 0x8d46b4c>
  warnings.warn("exception %r in wrapper %s" % (exception, wrapper))
/home/abdo/ns-allinone-3.13/ns-3.13/src/click/bindings/modulegen__gcc_ILP32.py:9: UserWarning: exception TypeLookupError(['std::ostream *'],) in wrapper public: retval? ???::GetStream (params?);
  warnings.warn("exception %r in wrapper %s" % (exception, wrapper))
/home/abdo/ns-allinone-3.13/ns-3.13/src/click/bindings/modulegen__gcc_ILP32.py:9: UserWarning: exception TypeConfigurationError('direction not given',) in wrapper <pybindgen.cppmethod.CppConstructor object at 0x8d4988c>
  warnings.warn("exception %r in wrapper %s" % (exception, wrapper))
/home/abdo/ns-allinone-3.13/ns-3.13/src/click/bindings/modulegen__gcc_ILP32.py:9: UserWarning: exception TypeConfigurationError('direction not given',) in wrapper <pybindgen.cppmethod.CppConstructor object at 0x8d498ac>
  warnings.warn("exception %r in wrapper %s" % (exception, wrapper))
/home/abdo/ns-allinone-3.13/ns-3.13/src/click/bindings/modulegen__gcc_ILP32.py:9: UserWarning: exception TypeLookupError(['std::ostream &'],) in wrapper public: retval? ???::PrintByteTags (params?) const;
  warnings.warn("exception %r in wrapper %s" % (exception, wrapper))
/home/abdo/ns-allinone-3.13/ns-3.13/src/click/bindings/modulegen__gcc_ILP32.py:9: UserWarning: exception TypeLookupError(['std::ostream &'],) in wrapper public: retval? ???::PrintPacketTags (params?) const;
  warnings.warn("exception %r in wrapper %s" % (exception, wrapper))
/home/abdo/ns-allinone-3.13/ns-3.13/src/click/bindings/modulegen__gcc_ILP32.py:9: UserWarning: exception CodeGenerationError('ns3::Ipv4L3ClickProtocol cannot be constructed (have pure virtual methods but no helper class)',) in wrapper <pybindgen.CppClass 'ns3::Ipv4L3ClickProtocol'>
  warnings.warn("exception %r in wrapper %s" % (exception, wrapper))
/home/abdo/ns-allinone-3.13/ns-3.13/src/click/bindings/modulegen__gcc_ILP32.py:9: UserWarning: exception CodeGenerationError('ns3::Ipv4ClickRouting cannot be constructed (have pure virtual methods but no helper class)',) in wrapper <pybindgen.CppClass 'ns3::Ipv4ClickRouting'>
  warnings.warn("exception %r in wrapper %s" % (exception, wrapper))
